drivermonitorlibrary/build/outputs/logs/manifest-merger-debug-report.txt
-- Merging decision tree log ---
manifest
ADDED from src\main\AndroidManifest.xml:2:1-52:12
INJECTED from src\main\AndroidManifest.xml:2:1-52:12
INJECTED from src\main\AndroidManifest.xml:2:1-52:12
INJECTED from src\main\AndroidManifest.xml:2:1-52:12
INJECTED from src\main\AndroidManifest.xml:2:1-52:12
INJECTED from src\main\AndroidManifest.xml:2:1-52:12
INJECTED from src\main\AndroidManifest.xml:2:1-52:12
	package
		ADDED from src\main\AndroidManifest.xml:4:5-55
		INJECTED from src\main\AndroidManifest.xml
		INJECTED from src\main\AndroidManifest.xml
	android:versionName
		INJECTED from src\main\AndroidManifest.xml
		ADDED from src\main\AndroidManifest.xml:2:1-52:12
		INJECTED from src\main\AndroidManifest.xml
	xmlns:tools
		ADDED from src\main\AndroidManifest.xml:3:5-51
	android:versionCode
		INJECTED from src\main\AndroidManifest.xml
		ADDED from src\main\AndroidManifest.xml:2:1-52:12
		INJECTED from src\main\AndroidManifest.xml
	xmlns:android
		ADDED from src\main\AndroidManifest.xml:2:11-69
uses-permission#android.permission.CAMERA
ADDED from src\main\AndroidManifest.xml:7:5-65
	android:name
		ADDED from src\main\AndroidManifest.xml:7:22-62
uses-permission#android.permission.INTERNET
ADDED from src\main\AndroidManifest.xml:8:5-67
	android:name
		ADDED from src\main\AndroidManifest.xml:8:22-64
uses-permission#android.permission.MOUNT_UNMOUNT_FILESYSTEMS
ADDED from src\main\AndroidManifest.xml:9:5-11:47
	tools:ignore
		ADDED from src\main\AndroidManifest.xml:11:9-44
	android:name
		ADDED from src\main\AndroidManifest.xml:10:9-68
uses-permission#android.permission.WRITE_EXTERNAL_STORAGE
ADDED from src\main\AndroidManifest.xml:12:5-81
	android:name
		ADDED from src\main\AndroidManifest.xml:12:22-78
uses-permission#android.permission.ACCESS_NETWORK_STATE
ADDED from src\main\AndroidManifest.xml:13:5-79
	android:name
		ADDED from src\main\AndroidManifest.xml:13:22-76
uses-permission#android.hardware.camera.autofocus
ADDED from src\main\AndroidManifest.xml:14:5-73
	android:name
		ADDED from src\main\AndroidManifest.xml:14:22-70
uses-permission#android.permission.WRITE_SETTINGS
ADDED from src\main\AndroidManifest.xml:15:5-17:47
	tools:ignore
		ADDED from src\main\AndroidManifest.xml:17:9-44
	android:name
		ADDED from src\main\AndroidManifest.xml:16:9-57
uses-permission#android.permission.READ_EXTERNAL_STORAGE
ADDED from src\main\AndroidManifest.xml:19:5-80
	android:name
		ADDED from src\main\AndroidManifest.xml:19:22-77
uses-permission#android.permission.GET_TASKS
ADDED from src\main\AndroidManifest.xml:20:5-68
	android:name
		ADDED from src\main\AndroidManifest.xml:20:22-65
uses-permission#android.permission.VIBRATE
ADDED from src\main\AndroidManifest.xml:21:5-66
	android:name
		ADDED from src\main\AndroidManifest.xml:21:22-63
uses-feature#android.hardware.camera
ADDED from src\main\AndroidManifest.xml:23:5-60
	android:name
		ADDED from src\main\AndroidManifest.xml:23:19-57
uses-feature#android.hardware.camera.autofocus
ADDED from src\main\AndroidManifest.xml:24:5-26:35
	android:required
		ADDED from src\main\AndroidManifest.xml:26:9-32
	android:name
		ADDED from src\main\AndroidManifest.xml:25:9-57
uses-feature#android.hardware.camera.front
ADDED from src\main\AndroidManifest.xml:27:5-29:35
	android:required
		ADDED from src\main\AndroidManifest.xml:29:9-32
	android:name
		ADDED from src\main\AndroidManifest.xml:28:9-53
uses-feature#android.hardware.camera.front.autofocus
ADDED from src\main\AndroidManifest.xml:30:5-32:35
	android:required
		ADDED from src\main\AndroidManifest.xml:32:9-32
	android:name
		ADDED from src\main\AndroidManifest.xml:31:9-63
application
ADDED from src\main\AndroidManifest.xml:34:5-50:19
activity#com.baidu.idl.face.main.drivermonitor.activity.drivermonitor.DriverMonitorActivityDrivermonitor
ADDED from src\main\AndroidManifest.xml:35:9-132
	android:name
		ADDED from src\main\AndroidManifest.xml:35:19-129
activity#com.baidu.idl.face.main.drivermonitor.setting.CameraDisplayAngleActivity
ADDED from src\main\AndroidManifest.xml:36:9-109
	android:name
		ADDED from src\main\AndroidManifest.xml:36:19-106
activity#com.baidu.idl.face.main.drivermonitor.setting.DriverMonitorSettingActivity
ADDED from src\main\AndroidManifest.xml:37:9-111
	android:name
		ADDED from src\main\AndroidManifest.xml:37:19-108
activity#com.baidu.idl.face.main.drivermonitor.setting.FaceDetectAngleActivity
ADDED from src\main\AndroidManifest.xml:38:9-106
	android:name
		ADDED from src\main\AndroidManifest.xml:38:19-103
activity#com.baidu.idl.face.main.drivermonitor.setting.FaceLivinessTypeActivity
ADDED from src\main\AndroidManifest.xml:39:9-107
	android:name
		ADDED from src\main\AndroidManifest.xml:39:19-104
activity#com.baidu.idl.face.main.drivermonitor.setting.DriverMonitorConfigQualtifyActivity
ADDED from src\main\AndroidManifest.xml:40:9-118
	android:name
		ADDED from src\main\AndroidManifest.xml:40:19-115
activity#com.baidu.idl.face.main.drivermonitor.setting.DriverMonitorLensSelectionActivity
ADDED from src\main\AndroidManifest.xml:41:9-117
	android:name
		ADDED from src\main\AndroidManifest.xml:41:19-114
activity#com.baidu.idl.face.main.drivermonitor.setting.DriverMonitorLensSettingsActivity
ADDED from src\main\AndroidManifest.xml:42:9-116
	android:name
		ADDED from src\main\AndroidManifest.xml:42:19-113
activity#com.baidu.idl.face.main.drivermonitor.setting.DrivermonitorMinFaceActivity
ADDED from src\main\AndroidManifest.xml:43:9-111
	android:name
		ADDED from src\main\AndroidManifest.xml:43:19-108
activity#com.baidu.idl.face.main.drivermonitor.setting.MirrorSettingActivity
ADDED from src\main\AndroidManifest.xml:44:9-104
	android:name
		ADDED from src\main\AndroidManifest.xml:44:19-101
activity#com.baidu.idl.face.main.drivermonitor.setting.VersionMessageActivity
ADDED from src\main\AndroidManifest.xml:45:9-105
	android:name
		ADDED from src\main\AndroidManifest.xml:45:19-102
activity#com.baidu.idl.face.main.drivermonitor.setting.PictureOptimizationActivity
ADDED from src\main\AndroidManifest.xml:46:9-110
	android:name
		ADDED from src\main\AndroidManifest.xml:46:19-107
activity#com.baidu.idl.face.main.drivermonitor.setting.LogSettingActivity
ADDED from src\main\AndroidManifest.xml:47:9-101
	android:name
		ADDED from src\main\AndroidManifest.xml:47:19-98
uses-sdk
INJECTED from src\main\AndroidManifest.xml reason: use-sdk injection requested
INJECTED from src\main\AndroidManifest.xml
INJECTED from src\main\AndroidManifest.xml
INJECTED from src\main\AndroidManifest.xml
INJECTED from src\main\AndroidManifest.xml
	android:targetSdkVersion
		INJECTED from src\main\AndroidManifest.xml
		ADDED from src\main\AndroidManifest.xml
		INJECTED from src\main\AndroidManifest.xml
	android:minSdkVersion
		INJECTED from src\main\AndroidManifest.xml
		ADDED from src\main\AndroidManifest.xml
		INJECTED from src\main\AndroidManifest.xml